<?xml version="1.0" encoding="UTF-8"?>
<!-- Generated by org.testng.reporters.JUnitReportReporter -->
<testsuite hostname="LAPTOP-PR0SAL4D" failures="0" tests="2" name="com.qa.igProject.tests.MainTopFundraiserTest" time="8.440" errors="0" timestamp="2024-06-08T21:30:25 IST" skipped="0">
  <testcase classname="com.qa.igProject.tests.MainTopFundraiserTest" name="verifyUrlUtmTest" time="0.015"/>
  <testcase classname="com.qa.igProject.tests.MainTopFundraiserTest" name="mainDonateSpcTest" time="8.425"/>
</testsuite> <!-- com.qa.igProject.tests.MainTopFundraiserTest -->
